<html>
<head>
<title>TestNG:  profile</title>
<link href="../testng.css" rel="stylesheet" type="text/css" />
<link href="../my-testng.css" rel="stylesheet" type="text/css" />

<style type="text/css">
.log { display: none;} 
.stack-trace { display: none;} 
</style>
<script type="text/javascript">
<!--
function flip(e) {
  current = e.style.display;
  if (current == 'block') {
    e.style.display = 'none';
    return 0;
  }
  else {
    e.style.display = 'block';
    return 1;
  }
}

function toggleBox(szDivId, elem, msg1, msg2)
{
  var res = -1;  if (document.getElementById) {
    res = flip(document.getElementById(szDivId));
  }
  else if (document.all) {
    // this is the way old msie versions work
    res = flip(document.all[szDivId]);
  }
  if(elem) {
    if(res == 0) elem.innerHTML = msg1; else elem.innerHTML = msg2;
  }

}

function toggleAllBoxes() {
  if (document.getElementsByTagName) {
    d = document.getElementsByTagName('div');
    for (i = 0; i < d.length; i++) {
      if (d[i].className == 'log') {
        flip(d[i]);
      }
    }
  }
}

// -->
</script>

</head>
<body>
<h2 align='center'>profile</h2><table border='1' align="center">
<tr>
<td>Tests passed/Failed/Skipped:</td><td>0/1/0</td>
</tr><tr>
<td>Started on:</td><td>Mon Oct 16 15:17:27 CST 2017</td>
</tr>
<tr><td>Total time:</td><td>27 seconds (27208 ms)</td>
</tr><tr>
<td>Included groups:</td><td></td>
</tr><tr>
<td>Excluded groups:</td><td></td>
</tr>
</table><p/>
<small><i>(Hover the method name to see the test class name)</i></small><p/>
<table width='100%' border='1' class='invocation-failed'>
<tr><td colspan='4' align='center'><b>FAILED TESTS</b></td></tr>
<tr><td><b>Test method</b></td>
<td width="30%"><b>Exception</b></td>
<td width="10%"><b>Time (seconds)</b></td>
<td><b>Instance</b></td>
</tr>
<tr>
<td title='testcase.main.TestBaidu.demoTest()'><b>demoTest</b><br>Test class: testcase.main.TestBaidu<br/>
<a href="#Output-307400933" onClick='toggleBox("Output-307400933", this, "Show output", "Hide output");'>Show output</a>

<a href="#Output-307400933" onClick="toggleAllBoxes();">Show all outputs</a>
<div class='log' id="Output-307400933">
<font color='blue'>Mon Oct 16 15:17:42 CST 2017-- log: </font><br/>
<font color='green'>open https://www.baidu.com/</font><br/>
<br><br/>
Xpath: kw<br/>
<font color='blue'>Mon Oct 16 15:17:43 CST 2017-- log: </font><br/>
<font color='green'>Type: accenture to field: [[FirefoxDriver: firefox on MAC (c407cfdd-68c5-ec4f-a5a6-eea61c59724b)] -> id: kw]</font><br/>
<br><br/>
Xpath: su<br/>
<font color='blue'>Mon Oct 16 15:17:45 CST 2017-- log: </font><br/>
<font color='green'>size 1</font><br/>
<br><br/>
<font color='blue'>Mon Oct 16 15:17:45 CST 2017-- log: </font><br/>
<font color='green'>click [[FirefoxDriver: firefox on MAC (c407cfdd-68c5-ec4f-a5a6-eea61c59724b)] -> id: su]</font><br/>
<br><br/>
Xpath: //div[@class='nums']<br/>
<font color='blue'>Mon Oct 16 15:17:53 CST 2017-- log: </font><br/>
<font color='green'>get text://div[@class='nums']</font><br/>
<br><br/>
<font color='blue'>Mon Oct 16 15:17:53 CST 2017-- log: </font><br/>
<font color='green'>Text:搜索工具
百度为您找到相关结果约2,370,000个</font><br/>
<br><br/>
<font color='blue'>Mon Oct 16 15:17:54 CST 2017-- log: </font><br/>
<font color='red'>VerifyCopy expected: 搜索工具
百度为您找到相关结果约2,330,000个 Actually: 搜索工具
百度为您找到相关结果约2,370,000个</font><br/>
<br><br/>
<font color='blue'>Mon Oct 16 15:17:54 CST 2017-- log: </font><br/>
<font color='red'>Script Failed....</font><br/>
<br><br/>
<font color='blue'>Mon Oct 16 15:17:54 CST 2017-- log: </font><br/>
<font color='red'>Screen shot: Screenshot/TestBaidu/MonOct16151754CST2017.png</font><br/>
<br><br/>
<font color='blue'>Mon Oct 16 15:17:54 CST 2017-- log: </font><br/>
<font color='green'>Close Browser</font><br/>
<br><br/>
<font color='red'><-------------------End-------------------></font><br/>
<br><br/>
</div>
</td>
<td><div><pre>java.lang.AssertionError: expected:&lt;搜索工具
百度为您找到相关结果约2,330,000个&gt; but was:&lt;搜索工具
百度为您找到相关结果约2,370,000个&gt;
	at Configuration.SeleniumTest.verifyCopy(SeleniumTest.java:1905)
	at testcase.main.TestBaidu.demoTest(TestBaidu.java:31)
... Removed 27 stack frames</pre></div><a href='#' onClick='toggleBox("stack-trace307400933", this, "Click to show all stack frames", "Click to hide stack frames")'>Click to show all stack frames</a>
<div class='stack-trace' id='stack-trace307400933'><pre>java.lang.AssertionError: expected:&lt;搜索工具
百度为您找到相关结果约2,330,000个&gt; but was:&lt;搜索工具
百度为您找到相关结果约2,370,000个&gt;
	at org.testng.AssertJUnit.assertEquals(AssertJUnit.java:101)
	at org.testng.AssertJUnit.assertEquals(AssertJUnit.java:108)
	at Configuration.SeleniumTest.verifyCopy(SeleniumTest.java:1905)
	at testcase.main.TestBaidu.demoTest(TestBaidu.java:31)
	at sun.reflect.NativeMethodAccessorImpl.invoke0(Native Method)
	at sun.reflect.NativeMethodAccessorImpl.invoke(NativeMethodAccessorImpl.java:62)
	at sun.reflect.DelegatingMethodAccessorImpl.invoke(DelegatingMethodAccessorImpl.java:43)
	at java.lang.reflect.Method.invoke(Method.java:497)
	at org.testng.internal.MethodInvocationHelper.invokeMethod(MethodInvocationHelper.java:108)
	at org.testng.internal.Invoker.invokeMethod(Invoker.java:661)
	at org.testng.internal.Invoker.invokeTestMethod(Invoker.java:869)
	at org.testng.internal.Invoker.invokeTestMethods(Invoker.java:1193)
	at org.testng.internal.TestMethodWorker.invokeTestMethods(TestMethodWorker.java:126)
	at org.testng.internal.TestMethodWorker.run(TestMethodWorker.java:109)
	at org.testng.TestRunner.privateRun(TestRunner.java:744)
	at org.testng.TestRunner.run(TestRunner.java:602)
	at org.testng.SuiteRunner.runTest(SuiteRunner.java:380)
	at org.testng.SuiteRunner.runSequentially(SuiteRunner.java:375)
	at org.testng.SuiteRunner.privateRun(SuiteRunner.java:340)
	at org.testng.SuiteRunner.run(SuiteRunner.java:289)
	at org.testng.SuiteRunnerWorker.runSuite(SuiteRunnerWorker.java:52)
	at org.testng.SuiteRunnerWorker.run(SuiteRunnerWorker.java:86)
	at org.testng.TestNG.runSuitesSequentially(TestNG.java:1301)
	at org.testng.TestNG.runSuitesLocally(TestNG.java:1226)
	at org.testng.TestNG.runSuites(TestNG.java:1144)
	at org.testng.TestNG.run(TestNG.java:1115)
	at org.testng.remote.AbstractRemoteTestNG.run(AbstractRemoteTestNG.java:132)
	at org.testng.remote.RemoteTestNG.initAndRun(RemoteTestNG.java:236)
	at org.testng.remote.RemoteTestNG.main(RemoteTestNG.java:81)
</pre></div></td>
<td>12</td>
<td>testcase.main.TestBaidu@369f73a2</td></tr>
</table><p>
</body>
</html>