<html>
<head>
<title>TestNG:  Default test</title>
<link href="../testng.css" rel="stylesheet" type="text/css" />
<link href="../my-testng.css" rel="stylesheet" type="text/css" />

<style type="text/css">
.log { display: none;} 
.stack-trace { display: none;} 
</style>
<script type="text/javascript">
<!--
function flip(e) {
  current = e.style.display;
  if (current == 'block') {
    e.style.display = 'none';
    return 0;
  }
  else {
    e.style.display = 'block';
    return 1;
  }
}

function toggleBox(szDivId, elem, msg1, msg2)
{
  var res = -1;  if (document.getElementById) {
    res = flip(document.getElementById(szDivId));
  }
  else if (document.all) {
    // this is the way old msie versions work
    res = flip(document.all[szDivId]);
  }
  if(elem) {
    if(res == 0) elem.innerHTML = msg1; else elem.innerHTML = msg2;
  }

}

function toggleAllBoxes() {
  if (document.getElementsByTagName) {
    d = document.getElementsByTagName('div');
    for (i = 0; i < d.length; i++) {
      if (d[i].className == 'log') {
        flip(d[i]);
      }
    }
  }
}

// -->
</script>

</head>
<body>
<h2 align='center'>Default test</h2><table border='1' align="center">
<tr>
<td>Tests passed/Failed/Skipped:</td><td>0/1/0</td>
</tr><tr>
<td>Started on:</td><td>Tue Oct 10 11:40:05 CST 2017</td>
</tr>
<tr><td>Total time:</td><td>18 seconds (18192 ms)</td>
</tr><tr>
<td>Included groups:</td><td></td>
</tr><tr>
<td>Excluded groups:</td><td></td>
</tr>
</table><p/>
<small><i>(Hover the method name to see the test class name)</i></small><p/>
<table width='100%' border='1' class='invocation-failed'>
<tr><td colspan='4' align='center'><b>FAILED TESTS</b></td></tr>
<tr><td><b>Test method</b></td>
<td width="30%"><b>Exception</b></td>
<td width="10%"><b>Time (seconds)</b></td>
<td><b>Instance</b></td>
</tr>
<tr>
<td title='hkdl.profile.TestBaidu.demoTest()'><b>demoTest</b><br>Test class: hkdl.profile.TestBaidu<br/>
<a href="#Output-1579280783" onClick='toggleBox("Output-1579280783", this, "Show output", "Hide output");'>Show output</a>

<a href="#Output-1579280783" onClick="toggleAllBoxes();">Show all outputs</a>
<div class='log' id="Output-1579280783">
<font color='blue'>Tue Oct 10 11:40:14 CST 2017-- log: </font><br/>
<font color='green'>Type: accenture to field: [[FirefoxDriver: firefox on MAC (c596ade5-7e91-2246-bc3f-f0729155aba6)] -> id: kw]</font><br/>
<br><br/>
<font color='blue'>Tue Oct 10 11:40:15 CST 2017-- log: </font><br/>
<font color='green'>size 1</font><br/>
<br><br/>
<font color='blue'>Tue Oct 10 11:40:15 CST 2017-- log: </font><br/>
<font color='green'>click [[FirefoxDriver: firefox on MAC (c596ade5-7e91-2246-bc3f-f0729155aba6)] -> id: su]</font><br/>
<br><br/>
<font color='blue'>Tue Oct 10 11:40:22 CST 2017-- log: </font><br/>
<font color='green'>get text://div[@class='nums']</font><br/>
<br><br/>
<font color='blue'>Tue Oct 10 11:40:22 CST 2017-- log: </font><br/>
<font color='green'>Text:搜索工具
百度为您找到相关结果约2,280,000个</font><br/>
<br><br/>
Cannot found key: baidu.search.result<br/>
<font color='blue'>Tue Oct 10 11:40:23 CST 2017-- log: </font><br/>
<font color='red'>VerifyCopy expected:  Actually: 搜索工具
百度为您找到相关结果约2,280,000个</font><br/>
<br><br/>
<font color='blue'>Tue Oct 10 11:40:23 CST 2017-- log: </font><br/>
<font color='red'>Script Failed....</font><br/>
<br><br/>
<font color='blue'>Tue Oct 10 11:40:23 CST 2017-- log: </font><br/>
<font color='red'>Screen shot: Screenshot/TestBaidu/TueOct10114023CST2017.png</font><br/>
<br><br/>
<font color='blue'>Tue Oct 10 11:40:23 CST 2017-- log: </font><br/>
<font color='green'>Close Browser</font><br/>
<br><br/>
<font color='red'><-------------------End-------------------></font><br/>
<br><br/>
</div>
</td>
<td><div><pre>java.lang.AssertionError: expected:&lt;&gt; but was:&lt;搜索工具
百度为您找到相关结果约2,280,000个&gt;
	at org.testng.AssertJUnit.assertEquals(AssertJUnit.java:101)
	at org.testng.AssertJUnit.assertEquals(AssertJUnit.java:108)
	at Configuration.SeleniumTest.verifyCopy(SeleniumTest.java:1899)
	at hkdl.profile.TestBaidu.demoTest(TestBaidu.java:30)
	at sun.reflect.NativeMethodAccessorImpl.invoke0(Native Method)
	at sun.reflect.NativeMethodAccessorImpl.invoke(NativeMethodAccessorImpl.java:62)
	at sun.reflect.DelegatingMethodAccessorImpl.invoke(DelegatingMethodAccessorImpl.java:43)
	at java.lang.reflect.Method.invoke(Method.java:497)
	at org.testng.internal.MethodInvocationHelper.invokeMethod(MethodInvocationHelper.java:84)
	at org.testng.internal.Invoker.invokeMethod(Invoker.java:714)
	at org.testng.internal.Invoker.invokeTestMethod(Invoker.java:901)
	at org.testng.internal.Invoker.invokeTestMethods(Invoker.java:1231)
	at org.testng.internal.TestMethodWorker.invokeTestMethods(TestMethodWorker.java:127)
	at org.testng.internal.TestMethodWorker.run(TestMethodWorker.java:111)
	at org.testng.TestRunner.privateRun(TestRunner.java:767)
	at org.testng.TestRunner.run(TestRunner.java:617)
	at org.testng.SuiteRunner.runTest(SuiteRunner.java:334)
	at org.testng.SuiteRunner.runSequentially(SuiteRunner.java:329)
	at org.testng.SuiteRunner.privateRun(SuiteRunner.java:291)
	at org.testng.SuiteRunner.run(SuiteRunner.java:240)
	at org.testng.SuiteRunnerWorker.runSuite(SuiteRunnerWorker.java:52)
	at org.testng.SuiteRunnerWorker.run(SuiteRunnerWorker.java:86)
	at org.testng.TestNG.runSuitesSequentially(TestNG.java:1224)
	at org.testng.TestNG.runSuitesLocally(TestNG.java:1149)
	at org.testng.TestNG.run(TestNG.java:1057)
	at org.testng.remote.AbstractRemoteTestNG.run(AbstractRemoteTestNG.java:132)
	at org.testng.remote.RemoteTestNG.initAndRun(RemoteTestNG.java:236)
	at org.testng.remote.RemoteTestNG.main(RemoteTestNG.java:81)
</pre></div><a href='#' onClick='toggleBox("stack-trace1579280783", this, "Click to show all stack frames", "Click to hide stack frames")'>Click to show all stack frames</a>
<div class='stack-trace' id='stack-trace1579280783'><pre>java.lang.AssertionError: expected:&lt;&gt; but was:&lt;搜索工具
百度为您找到相关结果约2,280,000个&gt;
	at org.testng.AssertJUnit.assertEquals(AssertJUnit.java:101)
	at org.testng.AssertJUnit.assertEquals(AssertJUnit.java:108)
	at Configuration.SeleniumTest.verifyCopy(SeleniumTest.java:1899)
	at hkdl.profile.TestBaidu.demoTest(TestBaidu.java:30)
	at sun.reflect.NativeMethodAccessorImpl.invoke0(Native Method)
	at sun.reflect.NativeMethodAccessorImpl.invoke(NativeMethodAccessorImpl.java:62)
	at sun.reflect.DelegatingMethodAccessorImpl.invoke(DelegatingMethodAccessorImpl.java:43)
	at java.lang.reflect.Method.invoke(Method.java:497)
	at org.testng.internal.MethodInvocationHelper.invokeMethod(MethodInvocationHelper.java:84)
	at org.testng.internal.Invoker.invokeMethod(Invoker.java:714)
	at org.testng.internal.Invoker.invokeTestMethod(Invoker.java:901)
	at org.testng.internal.Invoker.invokeTestMethods(Invoker.java:1231)
	at org.testng.internal.TestMethodWorker.invokeTestMethods(TestMethodWorker.java:127)
	at org.testng.internal.TestMethodWorker.run(TestMethodWorker.java:111)
	at org.testng.TestRunner.privateRun(TestRunner.java:767)
	at org.testng.TestRunner.run(TestRunner.java:617)
	at org.testng.SuiteRunner.runTest(SuiteRunner.java:334)
	at org.testng.SuiteRunner.runSequentially(SuiteRunner.java:329)
	at org.testng.SuiteRunner.privateRun(SuiteRunner.java:291)
	at org.testng.SuiteRunner.run(SuiteRunner.java:240)
	at org.testng.SuiteRunnerWorker.runSuite(SuiteRunnerWorker.java:52)
	at org.testng.SuiteRunnerWorker.run(SuiteRunnerWorker.java:86)
	at org.testng.TestNG.runSuitesSequentially(TestNG.java:1224)
	at org.testng.TestNG.runSuitesLocally(TestNG.java:1149)
	at org.testng.TestNG.run(TestNG.java:1057)
	at org.testng.remote.AbstractRemoteTestNG.run(AbstractRemoteTestNG.java:132)
	at org.testng.remote.RemoteTestNG.initAndRun(RemoteTestNG.java:236)
	at org.testng.remote.RemoteTestNG.main(RemoteTestNG.java:81)
</pre></div></td>
<td>9</td>
<td>hkdl.profile.TestBaidu@28feb3fa</td></tr>
</table><p>
</body>
</html>